-------------------------------------------------------------------------------
Test set: com.wowls.wordchain.WordChainApplicationTests
-------------------------------------------------------------------------------
Tests run: 1, Failures: 0, Errors: 1, Skipped: 0, Time elapsed: 0.62 s <<< FAILURE! - in com.wowls.wordchain.WordChainApplicationTests
initializationError(com.wowls.wordchain.WordChainApplicationTests)  Time elapsed: 0.016 s  <<< ERROR!
java.lang.IllegalStateException: Unable to find a @SpringBootConfiguration, you need to use @ContextConfiguration or @SpringBootTest(classes=...) with your test

